Arguments: 
  C:\Program Files\nodejs\node.exe C:\Users\reir8p\AppData\Roaming\npm\node_modules\yarn\bin\yarn.js publish

PATH: 
  C:\Program Files\PowerShell\7;C:\ProgramData\Oracle\Java\javapath;C:\WINDOWS\system32;C:\WINDOWS;C:\WINDOWS\System32\Wbem;C:\WINDOWS\System32\WindowsPowerShell\v1.0\;C:\WINDOWS\System32\OpenSSH\;C:\Program Files\Git\cmd;C:\PROGRA~2\CMWeb\bin;C:\Program Files\PuTTY\;C:\ProgramData\chocolatey\bin;;C:\Program Files\Microsoft VS Code\bin;C:\Program Files\nodejs\;C:\Program Files\PowerShell\7\;C:\Program Files\Docker\Docker\resources\bin;C:\Users\reir8p\AppData\Local\Microsoft\WindowsApps;C:\Users\reir8p\AppData\Local\GitHubDesktop\bin;c:\Users\reir8p\AppData\Local\GitFilterRepo;C:\Users\reir8p\AppData\Local\Programs\Python\Python311;C:\Users\reir8p\AppData\Roaming\npm

Yarn version: 
  1.22.19

Node version: 
  18.15.0

Platform: 
  win32 x64

Trace: 
  Error: canceled
      at Interface.<anonymous> (C:\Users\reir8p\AppData\Roaming\npm\node_modules\yarn\lib\cli.js:137150:13)
      at Interface.emit (node:events:513:28)
      at [_ttyWrite] [as _ttyWrite] (node:internal/readline/interface:1131:18)
      at ReadStream.onkeypress (node:internal/readline/interface:270:20)
      at ReadStream.emit (node:events:513:28)
      at emitKeys (node:internal/readline/utils:357:14)
      at emitKeys.next (<anonymous>)
      at ReadStream.onData (node:internal/readline/emitKeypressEvents:64:36)
      at ReadStream.emit (node:events:513:28)
      at addChunk (node:internal/streams/readable:324:12)

npm manifest: 
  {
    "name": "wb-shared-models",
    "version": "1.0.8",
    "description": "",
    "main": "lib/index.js",
    "scripts": {
      "test": "echo \"Error: no test specified\" && exit 1",
      "build": "npx tsc"
    },
    "author": "",
    "license": "ISC",
    "files": [
      "lib/**/*"
    ],
    "dependencies": {
      "@types/fhir": "^0.0.37"
    },
    "devDependencies": {
      "typescript": "^5.0.4"
    }
  }

yarn manifest: 
  No manifest

Lockfile: 
  # THIS IS AN AUTOGENERATED FILE. DO NOT EDIT THIS FILE DIRECTLY.
  # yarn lockfile v1
  
  
  "@types/fhir@^0.0.37":
    version "0.0.37"
    resolved "https://registry.yarnpkg.com/@types/fhir/-/fhir-0.0.37.tgz#54835d905009b34360437ba014564299c530253c"
    integrity sha512-fR1y6tPfDmxYDWN4JkJhuI5F5QpbaFVSoNo3pu9A6nzuoojANqg0UBnNZTVegTz/MilV3PSjyvFe6/vO55geKA==
  
  typescript@^5.0.4:
    version "5.0.4"
    resolved "https://registry.yarnpkg.com/typescript/-/typescript-5.0.4.tgz#b217fd20119bd61a94d4011274e0ab369058da3b"
    integrity sha512-cW9T5W9xY37cc+jfEnaUvX91foxtHkza3Nw3wkoF4sSlKn0MONdkdEndig/qPBWXNkmplh3NzayQzCiHM4/hqw==
